<?xml version="1.0" encoding="UTF-8"?>
<!-- Generated by org.testng.reporters.JUnitReportReporter -->
<testsuite hostname="SRIKANTH" failures="0" tests="1" name="Test.HomePageTest" time="6.768" errors="0" timestamp="21 Jul 2024 17:36:16 GMT" skipped="0">
  <testcase classname="Test.HomePageTest" name="HomePageTest" time="6.768"/>
</testsuite> <!-- Test.HomePageTest -->
